[2015.11.03-00.40.16:291][  0]Log file open, 11/02/15 19:40:16
[2015.11.03-00.40.16:291][  0]LogInit:Display: Running engine for game: GD1
[2015.11.03-00.40.16:291][  0]LogInit:Display: RandInit(2142947753) SRandInit(2142947754).
[2015.11.03-00.40.16:291][  0]LogTaskGraph: Started task graph with 4 named threads and 7 total threads.
[2015.11.03-00.40.16:291][  0]LogStats: Stats thread started at 0.082868
[2015.11.03-00.40.16:291][  0]LogInit: Version: 4.9.2-2707645+++depot+UE4-Releases+4.9
[2015.11.03-00.40.16:291][  0]LogInit: API Version: 2672455
[2015.11.03-00.40.16:291][  0]LogInit: Compiled (64-bit): Sep 28 2015 10:25:44
[2015.11.03-00.40.16:291][  0]LogInit: Compiled with Visual C++: 18.00.21005.01
[2015.11.03-00.40.16:291][  0]LogInit: Build Configuration: Development
[2015.11.03-00.40.16:291][  0]LogInit: Branch Name: ++depot+UE4-Releases+4.9
[2015.11.03-00.40.16:291][  0]LogInit: Command line: 
[2015.11.03-00.40.16:291][  0]LogInit: Base directory: C:/Program Files/Epic Games/4.9/Engine/Binaries/Win64/
[2015.11.03-00.40.16:291][  0]LogInit: Rocket: 1
[2015.11.03-00.40.16:307][  0]LogInit: Using libcurl 7.41.0
[2015.11.03-00.40.16:307][  0]LogInit:  - built for x86_64-pc-win32
[2015.11.03-00.40.16:307][  0]LogInit:  - supports SSL with WinSSL
[2015.11.03-00.40.16:307][  0]LogInit:  - other features:
[2015.11.03-00.40.16:307][  0]LogInit:      CURL_VERSION_SSL
[2015.11.03-00.40.16:307][  0]LogInit:      CURL_VERSION_IPV6
[2015.11.03-00.40.16:307][  0]LogInit:      CURL_VERSION_ASYNCHDNS
[2015.11.03-00.40.16:307][  0]LogInit:      CURL_VERSION_LARGEFILE
[2015.11.03-00.40.16:307][  0]LogInit:      CURL_VERSION_IDN
[2015.11.03-00.40.16:307][  0]LogInit:  CurlRequestOptions (configurable via config and command line):
[2015.11.03-00.40.16:307][  0]LogInit:  - bVerifyPeer = true  - Libcurl will verify peer certificate
[2015.11.03-00.40.16:307][  0]LogInit:  - bUseHttpProxy = false  - Libcurl will NOT use HTTP proxy
[2015.11.03-00.40.16:307][  0]LogInit:  - bDontReuseConnections = false  - Libcurl will reuse connections
[2015.11.03-00.40.16:307][  0]LogInit:  - CertBundlePath = nullptr  - Libcurl will use whatever was configured at build time.
[2015.11.03-00.40.16:318][  0]LogInit: Presizing for 0 objects not considered by GC, pre-allocating 0 bytes.
[2015.11.03-00.40.16:327][  0]LogInit: Object subsystem initialized
[2015.11.03-00.40.16:328][  0]LogInit: Selected Device Profile: [Windows]
[2015.11.03-00.40.16:328][  0]LogInit: Applying CVar settings loaded from the selected device profile: [Windows]
[2015.11.03-00.40.16:652][  0]LogInit: Computer: SA2502-PC02
[2015.11.03-00.40.16:652][  0]LogInit: User: cionip
[2015.11.03-00.40.16:652][  0]LogInit: CPU Page size=4096, Cores=4
[2015.11.03-00.40.16:652][  0]LogInit: High frequency timer resolution =3.428076 MHz
[2015.11.03-00.40.16:652][  0]LogMemory: Memory total: Physical=15.9GB (16GB approx)
[2015.11.03-00.40.16:652][  0]LogMemory: Platform Memory Stats for Windows
[2015.11.03-00.40.16:652][  0]LogMemory: Process Physical Memory: 54.73 MB used, 54.73 MB peak
[2015.11.03-00.40.16:652][  0]LogMemory: Process Virtual Memory: 57.33 MB used, 57.33 MB peak
[2015.11.03-00.40.16:652][  0]LogMemory: Physical Memory: 4570.98 MB used, 16253.98 MB total
[2015.11.03-00.40.16:652][  0]LogMemory: Virtual Memory: 337.52 MB used, 8388608.00 MB total
[2015.11.03-00.40.16:685][  0]LogTextLocalizationManager: No specific translations for ('en-US') exist, so ('en') translations will be used.
[2015.11.03-00.40.17:277][  0]LogD3D11RHI: Found D3D11 adapter 0: NVIDIA GeForce GTX 680 (Feature Level 11_0)
[2015.11.03-00.40.17:277][  0]LogD3D11RHI: Adapter has 4027MB of dedicated video memory, 0MB of dedicated system memory, and 7870MB of shared system memory, 2 output[s]
[2015.11.03-00.40.17:280][  0]LogD3D11RHI: Found D3D11 adapter 1: Intel(R) HD Graphics 4000 (Feature Level 11_0)
[2015.11.03-00.40.17:280][  0]LogD3D11RHI: Adapter has 64MB of dedicated video memory, 0MB of dedicated system memory, and 1632MB of shared system memory, 0 output[s]
[2015.11.03-00.40.17:280][  0]LogD3D11RHI: Chosen D3D11 Adapter Id = 0
[2015.11.03-00.40.17:372][  0]LogD3D11RHI: !Direct3DDevice
[2015.11.03-00.40.17:372][  0]LogRHI: Texture pool is 1361 MB (70% of 1945 MB)
[2015.11.03-00.40.17:379][  0]LogD3D11RHI: Async texture creation enabled
[2015.11.03-00.40.17:393][  0]LogShaderCompilers: Guid format shader working directory is 15 characters bigger than the processId version (G:/GD1/Intermediate/Shaders/WorkingDirectory/6520/).
[2015.11.03-00.40.17:393][  0]LogShaderCompilers: Cleaned the shader compiler working directory 'G:/GD1/Intermediate/Shaders/tmp/130148EE4B207926F30470AD6E341836/'.
[2015.11.03-00.40.17:393][  0]LogShaderCompilers:Display: Using Local Shader Compiler.
[2015.11.03-00.40.18:486][  0]LogTemp:Display: Loaded TP AllDesktopTargetPlatform
[2015.11.03-00.40.18:491][  0]LogTemp:Display: Loaded TP WindowsClientTargetPlatform
[2015.11.03-00.40.18:495][  0]LogTemp:Display: Loaded TP WindowsNoEditorTargetPlatform
[2015.11.03-00.40.18:500][  0]LogTemp:Display: Loaded TP WindowsServerTargetPlatform
[2015.11.03-00.40.18:504][  0]LogTemp:Display: Loaded TP WindowsTargetPlatform
[2015.11.03-00.40.18:507][  0]LogTemp:Display: Loaded TP AndroidTargetPlatform
[2015.11.03-00.40.18:510][  0]LogTemp:Display: Loaded TP Android_ASTCTargetPlatform
[2015.11.03-00.40.18:513][  0]LogTemp:Display: Loaded TP Android_ATCTargetPlatform
[2015.11.03-00.40.18:516][  0]LogTemp:Display: Loaded TP Android_DXTTargetPlatform
[2015.11.03-00.40.18:518][  0]LogTemp:Display: Loaded TP Android_ETC1TargetPlatform
[2015.11.03-00.40.18:521][  0]LogTemp:Display: Loaded TP Android_ETC2TargetPlatform
[2015.11.03-00.40.18:524][  0]LogTemp:Display: Loaded TP Android_PVRTCTargetPlatform
[2015.11.03-00.40.18:524][  0]LogTemp:Display: Loaded TP HTML5TargetPlatform
[2015.11.03-00.40.18:540][  0]LogTemp:Display: Loaded TP IOSTargetPlatform
[2015.11.03-00.40.18:543][  0]LogTemp:Display: Loaded TP LinuxNoEditorTargetPlatform
[2015.11.03-00.40.18:545][  0]LogTemp:Display: Loaded TP LinuxServerTargetPlatform
[2015.11.03-00.40.18:548][  0]LogTemp:Display: Loaded TP LinuxTargetPlatform
[2015.11.03-00.40.18:548][  0]LogTargetPlatformManager:Display: Building Assets For Windows
[2015.11.03-00.40.18:619][  0]LogDerivedDataCache:Display: Max Cache Size: 512 MB
[2015.11.03-00.40.18:653][  0]LogDerivedDataCache: Loaded boot cache 0.03s 41MB C:/Users/cionip/AppData/Local/UnrealEngine/4.9/DerivedDataCache/Boot.ddc.
[2015.11.03-00.40.18:653][  0]LogDerivedDataCache:Display: Loaded Boot cache: C:/Users/cionip/AppData/Local/UnrealEngine/4.9/DerivedDataCache/Boot.ddc
[2015.11.03-00.40.18:654][  0]LogDerivedDataCache: FDerivedDataBackendGraph:  Pak pak cache file G:/GD1/DerivedDataCache/DDC.ddp not found, will not use a pak cache.
[2015.11.03-00.40.18:654][  0]LogDerivedDataCache: Unable to find inner node Pak for hierarchical cache Hierarchy.
[2015.11.03-00.40.18:654][  0]LogDerivedDataCache: FDerivedDataBackendGraph:  CompressedPak pak cache file G:/GD1/DerivedDataCache/Compressed.ddp not found, will not use a pak cache.
[2015.11.03-00.40.18:654][  0]LogDerivedDataCache: Unable to find inner node CompressedPak for hierarchical cache Hierarchy.
[2015.11.03-00.40.18:795][  0]LogDerivedDataCache:Display: Pak cache opened for reading ../../../Engine/DerivedDataCache/Compressed.ddp.
[2015.11.03-00.40.18:806][  0]LogDerivedDataCache: Using Local data cache path C:/Users/cionip/AppData/Local/UnrealEngine/Common/DerivedDataCache: Writable
[2015.11.03-00.40.19:158][  0]LogInit: Selected Device Profile: [Windows]
[2015.11.03-00.40.19:158][  0]LogContentStreaming: Texture pool size is 0.000000MB
[2015.11.03-00.40.19:182][  0]LogMeshUtilities: No automatic mesh reduction module available
[2015.11.03-00.40.19:182][  0]LogMeshUtilities: No automatic mesh merging module available
[2015.11.03-00.40.19:482][  0]LogInit: WinSock: version 1.1 (2.2), MaxSocks=32767, MaxUdp=65467
[2015.11.03-00.40.20:064][  0]UdpMessaging: Initializing bridge on interface 0.0.0.0:0 to multicast group 230.0.0.1:6666.
[2015.11.03-00.40.20:166][  0]LogAssetRegistry: FAssetRegistry took 0.0095 seconds to start up
[2015.11.03-00.40.20:670][  0]SourceControl: Info Source control is disabled
[2015.11.03-00.40.20:685][  0]SourceControl: Info Source control is disabled
[2015.11.03-00.40.20:699][  0]SourceControl: Info Source control is disabled
[2015.11.03-00.40.20:708][  0]SourceControl: Info Source control is disabled
[2015.11.03-00.40.20:824][  0]LogLinker:Warning: Asset '../../../Engine/Plugins/Runtime/LeapMotionController/Content/LM_PassthroughMaterial.uasset' has been saved with empty engine version. The asset will be loaded but may be incompatible.
[2015.11.03-00.40.20:890][  0]LogObj: 28361 objects as part of root set at end of initial load.
[2015.11.03-00.40.20:890][  0]LogUObjectAllocator: 6038864 out of 0 bytes used by permanent object pool.
[2015.11.03-00.40.20:942][  0]LogEngine: Initializing Engine...
[2015.11.03-00.40.20:944][  0]LogHMD: Can't find Oculus library dev build: is proper Runtime installed? Version: 0.7.0.0
[2015.11.03-00.40.20:944][  0]LogHMD: SteamVR failed to initialize.  Err: 110
[2015.11.03-00.40.21:061][  0]LogAIModule: Creating AISystem for world NewWorld
[2015.11.03-00.40.21:067][  0]LogInit: XAudio2 using 'Speakers (Realtek High Definition Audio)' : 2 channels at 48 kHz using 32 bits per sample (channel mask 0x3)
[2015.11.03-00.40.21:090][  0]LogInit: FAudioDevice initialized.
[2015.11.03-00.40.21:108][  0]LogDerivedDataCache: Saved boot cache 0.02s 41MB C:/Users/cionip/AppData/Local/UnrealEngine/4.9/DerivedDataCache/Boot.ddc.
[2015.11.03-00.40.21:119][  0]LogInit: Texture streaming: Enabled
[2015.11.03-00.40.21:124][  0]LogAnalytics: Creating configured Analytics provider AnalyticsET
[2015.11.03-00.40.21:124][  0]LogAnalytics: [UEEditor.Rocket.Release] APIServer = http://et2.epicgames.com/ET2/. AppVersion = 4.9.2-2707645+++depot+UE4-Releases+4.9
[2015.11.03-00.40.21:124][  0]LogAnalytics: [UEEditor.Rocket.Release] SetUserId fcea5a2141a743656a50c19051b49d28|b54514f40c274bdf9832e787158d8c3f|5ce59de3-559d-47e0-90fc-65e2a0db533c
[2015.11.03-00.40.21:124][  0]LogAnalytics: [UEEditor.Rocket.Release] AnalyticsET::StartSession
[2015.11.03-00.40.21:137][  0]LogInit: Transaction tracking system initialized
[2015.11.03-00.40.21:161][  0]BlueprintLog: New page: Editor Load
[2015.11.03-00.40.21:242][  0]LocalizationService: Info Localization service is disabled
[2015.11.03-00.40.21:299][  0]LogConsoleResponse:Display: 
[2015.11.03-00.40.21:398][  0]LogCook:Display: Done creating registry. It took  0.00s.
[2015.11.03-00.40.21:448][  0]LogFileCache: Scanning file cache for directory 'G:/GD1/Content/' took 0.01s
[2015.11.03-00.40.21:448][  0]SourceControl: Info Source control is disabled
[2015.11.03-00.40.21:448][  0]Cmd: MAP LOAD FILE="G:/GD1/Content/ThirdPersonBP/Maps/ThirdPersonExampleMap.umap" TEMPLATE=0 SHOWPROGRESS=1 FEATURELEVEL=3
[2015.11.03-00.40.21:449][  0]LightingResults: New page: Lighting Build
[2015.11.03-00.40.21:451][  0]MapCheck: New page: Map Check
[2015.11.03-00.40.21:451][  0]LightingResults: New page: Lighting Build
[2015.11.03-00.40.21:459][  0]LogParticles: Destroying 0 GPU particle simulations for FXSystem 0x00000000242E0400
[2015.11.03-00.40.21:463][  0]LogLinker:Warning: Asset 'G:/GD1/Content/Mannequin/Animations/ThirdPerson_AnimBP.uasset' has been saved with empty engine version. The asset will be loaded but may be incompatible.
[2015.11.03-00.40.21:464][  0]LogLinker:Warning: Asset 'G:/GD1/Content/Mannequin/Animations/ThirdPerson_Jump.uasset' has been saved with empty engine version. The asset will be loaded but may be incompatible.
[2015.11.03-00.40.21:465][  0]LogLinker:Warning: Asset 'G:/GD1/Content/Mannequin/Animations/ThirdPersonJump_Loop.uasset' has been saved with empty engine version. The asset will be loaded but may be incompatible.
[2015.11.03-00.40.21:466][  0]LogLinker:Warning: Asset 'G:/GD1/Content/Mannequin/Animations/ThirdPersonJump_Start.uasset' has been saved with empty engine version. The asset will be loaded but may be incompatible.
[2015.11.03-00.40.21:467][  0]LogLinker:Warning: Asset 'G:/GD1/Content/Mannequin/Animations/ThirdPerson_IdleRun_2D.uasset' has been saved with empty engine version. The asset will be loaded but may be incompatible.
[2015.11.03-00.40.21:558][  0]LogLinker:Warning: Asset 'G:/GD1/Content/Mannequin/Animations/ThirdPersonIdle.uasset' has been saved with empty engine version. The asset will be loaded but may be incompatible.
[2015.11.03-00.40.21:559][  0]LogLinker:Warning: Asset 'G:/GD1/Content/Mannequin/Animations/ThirdPersonRun.uasset' has been saved with empty engine version. The asset will be loaded but may be incompatible.
[2015.11.03-00.40.21:560][  0]LogLinker:Warning: Asset 'G:/GD1/Content/Mannequin/Animations/ThirdPersonWalk.uasset' has been saved with empty engine version. The asset will be loaded but may be incompatible.
[2015.11.03-00.40.22:221][  0]LogAIModule: Creating AISystem for world ThirdPersonExampleMap
[2015.11.03-00.40.22:305][  0]LogEditorServer: Finished looking for orphan Actors (0.000 secs)
[2015.11.03-00.40.22:305][  0]Cmd: MAP CHECKDEP NOCLEARLOG
[2015.11.03-00.40.22:354][  0]MapCheck: Info Map check complete: 0 Error(s), 0 Warning(s), took 49.092ms to complete.
[2015.11.03-00.40.22:355][  0]LogFileHelpers: Loading map 'ThirdPersonExampleMap' took 0.906
[2015.11.03-00.40.22:454][  0]LogCollectionManager: Loaded 0 collections in 0.001783 seconds
[2015.11.03-00.40.22:492][  0]LogFileCache: Scanning file cache for directory 'G:/GD1/Saved/Collections/' took 0.01s
[2015.11.03-00.40.22:492][  0]LogFileCache: Scanning file cache for directory 'G:/GD1/Content/Developers/cionip/Collections/' took 0.01s
[2015.11.03-00.40.22:492][  0]LogFileCache: Scanning file cache for directory 'G:/GD1/Content/Collections/' took 0.01s
[2015.11.03-00.40.22:492][  0]LogContentBrowser: Native class hierarchy populated in 0.0065 seconds. Added 1867 classes and 333 folders.
[2015.11.03-00.40.22:500][  0]LogCollectionManager: Rebuilt the GUID cache for 0 collections in 0.000003 seconds
[2015.11.03-00.40.22:506][  0]LogContentBrowser: Native class hierarchy updated for 'WidgetCarousel' in 0.0003 seconds. Added 0 classes and 0 folders.
[2015.11.03-00.40.22:545][  0]LogContentBrowser: Native class hierarchy updated for 'AddContentDialog' in 0.0004 seconds. Added 0 classes and 0 folders.
[2015.11.03-00.40.22:549][  0]LogContentBrowser: Native class hierarchy updated for 'SceneOutliner' in 0.0002 seconds. Added 1 classes and 2 folders.
[2015.11.03-00.40.22:576][  0]LogCrashTracker: Crashtracker disabled due to settings.
[2015.11.03-00.40.22:579][  0]LogUObjectGlobals:Warning: Failed to find object 'Class None.'
[2015.11.03-00.40.22:599][  0]LogLoad: Full Startup: 9.33 seconds (BP compile: 0.11 seconds)
[2015.11.03-00.40.22:660][  0]LogContentStreaming: Texture pool size now 1000 MB
[2015.11.03-00.40.22:785][  0]LogRenderer: Reallocating scene render targets to support 1208x652 (Frame:2).
[2015.11.03-00.40.22:955][  4]LogAssetRegistry: Asset discovery search completed in 2.7981 seconds
[2015.11.03-00.40.22:955][  4]LogCollectionManager: Rebuilt the object cache for 0 collections in 0.000001 seconds (found 0 objects)
[2015.11.03-00.40.22:955][  4]LogCollectionManager: Fixed up redirectors for 0 collections in 0.000019 seconds (updated 0 objects)
[2015.11.03-00.40.33:035][ 36]LogLinker:Warning: Can't resolve asset name
[2015.11.03-00.40.33:319][ 36]LogLinker:Warning: Asset '../../../Engine/Content/ArtTools/RenderToTexture/Macros/RenderToTextureMacros.uasset' has been saved with empty engine version. The asset will be loaded but may be incompatible.
[2015.11.03-00.40.33:896][ 36]LogContentBrowser: Native class hierarchy updated for 'BlueprintGraph' in 0.0006 seconds. Added 107 classes and 0 folders.
[2015.11.03-00.40.34:558][ 36]LogMaterial: Missing cached shader map for material turretPlaceBad, compiling. 
[2015.11.03-00.40.34:656][ 36]LogMaterial: Missing cached shader map for material turretPlaceBad, compiling. 
[2015.11.03-00.40.34:661][ 36]LogMaterial: 0.000081 seconds spent updating 1 materials, 1 interfaces, 0 instances, 0 with static permutations.
[2015.11.03-00.40.34:701][ 36]LogMaterial: Missing cached shader map for material FMatExpressionPreview MaterialExpressionTextureSample_0, compiling. 
[2015.11.03-00.40.34:714][ 36]LogMaterial: Missing cached shader map for material turretPlaceGood, compiling. 
[2015.11.03-00.40.34:815][ 36]LogMaterial: Missing cached shader map for material turretPlaceGood, compiling. 
[2015.11.03-00.40.34:820][ 36]LogMaterial: 0.000057 seconds spent updating 1 materials, 1 interfaces, 0 instances, 0 with static permutations.
[2015.11.03-00.40.34:843][ 36]LogMaterial: Missing cached shader map for material FMatExpressionPreview MaterialExpressionTextureSample_1, compiling. 
[2015.11.03-00.40.37:440][241]MaterialEditorStats: Info Base pass shader with only dynamic lighting: 32 instructions
[2015.11.03-00.40.37:440][241]MaterialEditorStats: Info Vertex shader: 33 instructions
[2015.11.03-00.40.37:440][241]MaterialEditorStats: Info Texture samplers: 1/16
[2015.11.03-00.40.41:159][526]MaterialEditorStats: Info Base pass shader with only dynamic lighting: 32 instructions
[2015.11.03-00.40.41:159][526]MaterialEditorStats: Info Vertex shader: 33 instructions
[2015.11.03-00.40.41:159][526]MaterialEditorStats: Info Texture samplers: 1/16
[2015.11.03-00.40.55:458][319]LogBlueprintUserMessages: Early PlayInEditor Detection: Level '/Game/ThirdPersonBP/Maps/ThirdPersonExampleMap.ThirdPersonExampleMap:PersistentLevel' has LevelScriptBlueprint '/Game/ThirdPersonBP/Maps/ThirdPersonExampleMap.ThirdPersonExampleMap:PersistentLevel.ThirdPersonExampleMap' with GeneratedClass '/Game/ThirdPersonBP/Maps/ThirdPersonExampleMap.ThirdPersonExampleMap_C' with ClassGeneratedBy '/Game/ThirdPersonBP/Maps/ThirdPersonExampleMap.ThirdPersonExampleMap:PersistentLevel.ThirdPersonExampleMap'
[2015.11.03-00.40.55:458][319]BlueprintLog: New page: Pre-Play auto-recompile
[2015.11.03-00.40.55:484][319]LogActorComponent: UnregisterComponent: (/Engine/Transient.CharMoveComp) Not registered. Aborting.
[2015.11.03-00.40.55:497][319]LogPlayLevel: [PlayLevel] Compiling ThirdPersonCharacter before play...
[2015.11.03-00.40.55:631][319]LogPlayLevel: PlayLevel: Blueprint regeneration took 173 ms (1 blueprints)
[2015.11.03-00.40.55:663][319]PIE: New page: PIE session: ThirdPersonExampleMap (Nov 2, 2015, 2:40:55 PM)
[2015.11.03-00.40.55:663][319]LogPlayLevel: Creating play world package: /Game/ThirdPersonBP/Maps/UEDPIE_0_ThirdPersonExampleMap
[2015.11.03-00.40.55:680][319]LogPlayLevel: PIE: StaticDuplicateObject took: (0.016809s)
[2015.11.03-00.40.55:681][319]LogAIModule: Creating AISystem for world ThirdPersonExampleMap
[2015.11.03-00.40.55:681][319]LogPlayLevel: PIE: World Init took: (0.000977s)
[2015.11.03-00.40.55:681][319]LogPlayLevel: PIE: Created PIE world by copying editor world from /Game/ThirdPersonBP/Maps/ThirdPersonExampleMap.ThirdPersonExampleMap to /Game/ThirdPersonBP/Maps/UEDPIE_0_ThirdPersonExampleMap.ThirdPersonExampleMap (0.018038s)
[2015.11.03-00.40.55:707][319]LogInit: XAudio2 using 'Speakers (Realtek High Definition Audio)' : 2 channels at 48 kHz using 32 bits per sample (channel mask 0x3)
[2015.11.03-00.40.55:715][319]LogInit: FAudioDevice initialized.
[2015.11.03-00.40.55:770][319]LogWorld: Game class is 'ThirdPersonGameMode_C'
[2015.11.03-00.40.55:774][319]LogWorld: Bringing World /Game/ThirdPersonBP/Maps/UEDPIE_0_ThirdPersonExampleMap.ThirdPersonExampleMap up for play (max tick rate 0) at 2015.11.02-19.40.55
[2015.11.03-00.40.55:774][319]LogActor:Warning: GameSession /Game/ThirdPersonBP/Maps/UEDPIE_0_ThirdPersonExampleMap.ThirdPersonExampleMap:PersistentLevel.GameSession_0 has natively added scene component(s), but none of them were set as the actor's RootComponent - picking one arbitrarily
[2015.11.03-00.40.55:775][319]LogActor:Warning: GameNetworkManager /Game/ThirdPersonBP/Maps/UEDPIE_0_ThirdPersonExampleMap.ThirdPersonExampleMap:PersistentLevel.GameNetworkManager_0 has natively added scene component(s), but none of them were set as the actor's RootComponent - picking one arbitrarily
[2015.11.03-00.40.55:775][319]LogWorld: Bringing up level for play took: 0.003343
[2015.11.03-00.40.55:779][319]PIE: Info Play in editor start time for /Game/ThirdPersonBP/Maps/UEDPIE_0_ThirdPersonExampleMap 0.857
[2015.11.03-00.40.55:779][319]LogBlueprintUserMessages: Late PlayInEditor Detection: Level '/Game/ThirdPersonBP/Maps/ThirdPersonExampleMap.ThirdPersonExampleMap:PersistentLevel' has LevelScriptBlueprint '/Game/ThirdPersonBP/Maps/ThirdPersonExampleMap.ThirdPersonExampleMap:PersistentLevel.ThirdPersonExampleMap' with GeneratedClass '/Game/ThirdPersonBP/Maps/ThirdPersonExampleMap.ThirdPersonExampleMap_C' with ClassGeneratedBy '/Game/ThirdPersonBP/Maps/ThirdPersonExampleMap.ThirdPersonExampleMap:PersistentLevel.ThirdPersonExampleMap'
[2015.11.03-00.40.55:780][319]LogScript:Warning: Accessed None 'CallFunc_FinishSpawningActor_ReturnValue'
	ThirdPersonCharacter_C /Game/ThirdPersonBP/Maps/UEDPIE_0_ThirdPersonExampleMap.ThirdPersonExampleMap:PersistentLevel.ThirdPersonCharacter_C_1
	Function /Game/ThirdPersonBP/Blueprints/ThirdPersonCharacter.ThirdPersonCharacter_C:ExecuteUbergraph_ThirdPersonCharacter:0053
[2015.11.03-00.40.55:780][319]PIE:Error: Error Accessed None 'CallFunc_FinishSpawningActor_ReturnValue' from node SetActorTransform in graph 'EventGraph' in blueprint ThirdPersonCharacter
[2015.11.03-00.40.55:925][320]LogScript:Warning: Accessed None 'CallFunc_FinishSpawningActor_ReturnValue'
	ThirdPersonCharacter_C /Game/ThirdPersonBP/Maps/UEDPIE_0_ThirdPersonExampleMap.ThirdPersonExampleMap:PersistentLevel.ThirdPersonCharacter_C_1
	Function /Game/ThirdPersonBP/Blueprints/ThirdPersonCharacter.ThirdPersonCharacter_C:ExecuteUbergraph_ThirdPersonCharacter:0053
[2015.11.03-00.40.55:925][320]PIE:Error: Error Accessed None 'CallFunc_FinishSpawningActor_ReturnValue' from node SetActorTransform in graph 'EventGraph' in blueprint ThirdPersonCharacter
[2015.11.03-00.40.55:971][321]LogScript:Warning: Accessed None 'CallFunc_FinishSpawningActor_ReturnValue'
	ThirdPersonCharacter_C /Game/ThirdPersonBP/Maps/UEDPIE_0_ThirdPersonExampleMap.ThirdPersonExampleMap:PersistentLevel.ThirdPersonCharacter_C_1
	Function /Game/ThirdPersonBP/Blueprints/ThirdPersonCharacter.ThirdPersonCharacter_C:ExecuteUbergraph_ThirdPersonCharacter:0053
[2015.11.03-00.40.55:971][321]PIE:Error: Error Accessed None 'CallFunc_FinishSpawningActor_ReturnValue' from node SetActorTransform in graph 'EventGraph' in blueprint ThirdPersonCharacter
[2015.11.03-00.40.55:987][322]LogScript:Warning: Accessed None 'CallFunc_FinishSpawningActor_ReturnValue'
	ThirdPersonCharacter_C /Game/ThirdPersonBP/Maps/UEDPIE_0_ThirdPersonExampleMap.ThirdPersonExampleMap:PersistentLevel.ThirdPersonCharacter_C_1
	Function /Game/ThirdPersonBP/Blueprints/ThirdPersonCharacter.ThirdPersonCharacter_C:ExecuteUbergraph_ThirdPersonCharacter:0053
[2015.11.03-00.40.55:987][322]PIE:Error: Error Accessed None 'CallFunc_FinishSpawningActor_ReturnValue' from node SetActorTransform in graph 'EventGraph' in blueprint ThirdPersonCharacter
[2015.11.03-00.40.56:002][323]LogScript:Warning: Accessed None 'CallFunc_FinishSpawningActor_ReturnValue'
	ThirdPersonCharacter_C /Game/ThirdPersonBP/Maps/UEDPIE_0_ThirdPersonExampleMap.ThirdPersonExampleMap:PersistentLevel.ThirdPersonCharacter_C_1
	Function /Game/ThirdPersonBP/Blueprints/ThirdPersonCharacter.ThirdPersonCharacter_C:ExecuteUbergraph_ThirdPersonCharacter:0053
[2015.11.03-00.40.56:002][323]PIE:Error: Error Accessed None 'CallFunc_FinishSpawningActor_ReturnValue' from node SetActorTransform in graph 'EventGraph' in blueprint ThirdPersonCharacter
[2015.11.03-00.40.56:019][324]LogScript:Warning: Accessed None 'CallFunc_FinishSpawningActor_ReturnValue'
	ThirdPersonCharacter_C /Game/ThirdPersonBP/Maps/UEDPIE_0_ThirdPersonExampleMap.ThirdPersonExampleMap:PersistentLevel.ThirdPersonCharacter_C_1
	Function /Game/ThirdPersonBP/Blueprints/ThirdPersonCharacter.ThirdPersonCharacter_C:ExecuteUbergraph_ThirdPersonCharacter:0053
[2015.11.03-00.40.56:019][324]PIE:Error: Error Accessed None 'CallFunc_FinishSpawningActor_ReturnValue' from node SetActorTransform in graph 'EventGraph' in blueprint ThirdPersonCharacter
[2015.11.03-00.40.56:043][325]LogScript:Warning: Accessed None 'CallFunc_FinishSpawningActor_ReturnValue'
	ThirdPersonCharacter_C /Game/ThirdPersonBP/Maps/UEDPIE_0_ThirdPersonExampleMap.ThirdPersonExampleMap:PersistentLevel.ThirdPersonCharacter_C_1
	Function /Game/ThirdPersonBP/Blueprints/ThirdPersonCharacter.ThirdPersonCharacter_C:ExecuteUbergraph_ThirdPersonCharacter:0053
[2015.11.03-00.40.56:043][325]PIE:Error: Error Accessed None 'CallFunc_FinishSpawningActor_ReturnValue' from node SetActorTransform in graph 'EventGraph' in blueprint ThirdPersonCharacter
[2015.11.03-00.40.56:058][326]LogScript:Warning: Accessed None 'CallFunc_FinishSpawningActor_ReturnValue'
	ThirdPersonCharacter_C /Game/ThirdPersonBP/Maps/UEDPIE_0_ThirdPersonExampleMap.ThirdPersonExampleMap:PersistentLevel.ThirdPersonCharacter_C_1
	Function /Game/ThirdPersonBP/Blueprints/ThirdPersonCharacter.ThirdPersonCharacter_C:ExecuteUbergraph_ThirdPersonCharacter:0053
[2015.11.03-00.40.56:058][326]PIE:Error: Error Accessed None 'CallFunc_FinishSpawningActor_ReturnValue' from node SetActorTransform in graph 'EventGraph' in blueprint ThirdPersonCharacter
[2015.11.03-00.40.56:072][327]LogScript:Warning: Accessed None 'CallFunc_FinishSpawningActor_ReturnValue'
	ThirdPersonCharacter_C /Game/ThirdPersonBP/Maps/UEDPIE_0_ThirdPersonExampleMap.ThirdPersonExampleMap:PersistentLevel.ThirdPersonCharacter_C_1
	Function /Game/ThirdPersonBP/Blueprints/ThirdPersonCharacter.ThirdPersonCharacter_C:ExecuteUbergraph_ThirdPersonCharacter:0053
[2015.11.03-00.40.56:072][327]PIE:Error: Error Accessed None 'CallFunc_FinishSpawningActor_ReturnValue' from node SetActorTransform in graph 'EventGraph' in blueprint ThirdPersonCharacter
[2015.11.03-00.40.56:086][328]LogScript:Warning: Accessed None 'CallFunc_FinishSpawningActor_ReturnValue'
	ThirdPersonCharacter_C /Game/ThirdPersonBP/Maps/UEDPIE_0_ThirdPersonExampleMap.ThirdPersonExampleMap:PersistentLevel.ThirdPersonCharacter_C_1
	Function /Game/ThirdPersonBP/Blueprints/ThirdPersonCharacter.ThirdPersonCharacter_C:ExecuteUbergraph_ThirdPersonCharacter:0053
[2015.11.03-00.40.56:086][328]PIE:Error: Error Accessed None 'CallFunc_FinishSpawningActor_ReturnValue' from node SetActorTransform in graph 'EventGraph' in blueprint ThirdPersonCharacter
[2015.11.03-00.40.56:099][329]LogScript:Warning: Accessed None 'CallFunc_FinishSpawningActor_ReturnValue'
	ThirdPersonCharacter_C /Game/ThirdPersonBP/Maps/UEDPIE_0_ThirdPersonExampleMap.ThirdPersonExampleMap:PersistentLevel.ThirdPersonCharacter_C_1
	Function /Game/ThirdPersonBP/Blueprints/ThirdPersonCharacter.ThirdPersonCharacter_C:ExecuteUbergraph_ThirdPersonCharacter:0053
[2015.11.03-00.40.56:100][329]PIE:Error: Error Accessed None 'CallFunc_FinishSpawningActor_ReturnValue' from node SetActorTransform in graph 'EventGraph' in blueprint ThirdPersonCharacter
[2015.11.03-00.40.56:113][330]LogScript:Warning: Accessed None 'CallFunc_FinishSpawningActor_ReturnValue'
	ThirdPersonCharacter_C /Game/ThirdPersonBP/Maps/UEDPIE_0_ThirdPersonExampleMap.ThirdPersonExampleMap:PersistentLevel.ThirdPersonCharacter_C_1
	Function /Game/ThirdPersonBP/Blueprints/ThirdPersonCharacter.ThirdPersonCharacter_C:ExecuteUbergraph_ThirdPersonCharacter:0053
[2015.11.03-00.40.56:114][330]PIE:Error: Error Accessed None 'CallFunc_FinishSpawningActor_ReturnValue' from node SetActorTransform in graph 'EventGraph' in blueprint ThirdPersonCharacter
[2015.11.03-00.40.56:127][331]LogScript:Warning: Accessed None 'CallFunc_FinishSpawningActor_ReturnValue'
	ThirdPersonCharacter_C /Game/ThirdPersonBP/Maps/UEDPIE_0_ThirdPersonExampleMap.ThirdPersonExampleMap:PersistentLevel.ThirdPersonCharacter_C_1
	Function /Game/ThirdPersonBP/Blueprints/ThirdPersonCharacter.ThirdPersonCharacter_C:ExecuteUbergraph_ThirdPersonCharacter:0053
[2015.11.03-00.40.56:127][331]PIE:Error: Error Accessed None 'CallFunc_FinishSpawningActor_ReturnValue' from node SetActorTransform in graph 'EventGraph' in blueprint ThirdPersonCharacter
[2015.11.03-00.40.56:153][332]LogScript:Warning: Accessed None 'CallFunc_FinishSpawningActor_ReturnValue'
	ThirdPersonCharacter_C /Game/ThirdPersonBP/Maps/UEDPIE_0_ThirdPersonExampleMap.ThirdPersonExampleMap:PersistentLevel.ThirdPersonCharacter_C_1
	Function /Game/ThirdPersonBP/Blueprints/ThirdPersonCharacter.ThirdPersonCharacter_C:ExecuteUbergraph_ThirdPersonCharacter:0053
[2015.11.03-00.40.56:156][332]PIE:Error: Error Accessed None 'CallFunc_FinishSpawningActor_ReturnValue' from node SetActorTransform in graph 'EventGraph' in blueprint ThirdPersonCharacter
[2015.11.03-00.40.56:183][333]LogScript:Warning: Accessed None 'CallFunc_FinishSpawningActor_ReturnValue'
	ThirdPersonCharacter_C /Game/ThirdPersonBP/Maps/UEDPIE_0_ThirdPersonExampleMap.ThirdPersonExampleMap:PersistentLevel.ThirdPersonCharacter_C_1
	Function /Game/ThirdPersonBP/Blueprints/ThirdPersonCharacter.ThirdPersonCharacter_C:ExecuteUbergraph_ThirdPersonCharacter:0053
[2015.11.03-00.40.56:183][333]PIE:Error: Error Accessed None 'CallFunc_FinishSpawningActor_ReturnValue' from node SetActorTransform in graph 'EventGraph' in blueprint ThirdPersonCharacter
[2015.11.03-00.40.56:197][334]LogScript:Warning: Accessed None 'CallFunc_FinishSpawningActor_ReturnValue'
	ThirdPersonCharacter_C /Game/ThirdPersonBP/Maps/UEDPIE_0_ThirdPersonExampleMap.ThirdPersonExampleMap:PersistentLevel.ThirdPersonCharacter_C_1
	Function /Game/ThirdPersonBP/Blueprints/ThirdPersonCharacter.ThirdPersonCharacter_C:ExecuteUbergraph_ThirdPersonCharacter:0053
[2015.11.03-00.40.56:198][334]PIE:Error: Error Accessed None 'CallFunc_FinishSpawningActor_ReturnValue' from node SetActorTransform in graph 'EventGraph' in blueprint ThirdPersonCharacter
[2015.11.03-00.40.56:219][335]LogScript:Warning: Accessed None 'CallFunc_FinishSpawningActor_ReturnValue'
	ThirdPersonCharacter_C /Game/ThirdPersonBP/Maps/UEDPIE_0_ThirdPersonExampleMap.ThirdPersonExampleMap:PersistentLevel.ThirdPersonCharacter_C_1
	Function /Game/ThirdPersonBP/Blueprints/ThirdPersonCharacter.ThirdPersonCharacter_C:ExecuteUbergraph_ThirdPersonCharacter:0053
[2015.11.03-00.40.56:219][335]PIE:Error: Error Accessed None 'CallFunc_FinishSpawningActor_ReturnValue' from node SetActorTransform in graph 'EventGraph' in blueprint ThirdPersonCharacter
[2015.11.03-00.40.56:243][336]PIE:Error: Error Accessed None 'CallFunc_FinishSpawningActor_ReturnValue' from node SetActorTransform in graph 'EventGraph' in blueprint ThirdPersonCharacter
[2015.11.03-00.40.56:265][337]PIE:Error: Error Accessed None 'CallFunc_FinishSpawningActor_ReturnValue' from node SetActorTransform in graph 'EventGraph' in blueprint ThirdPersonCharacter
[2015.11.03-00.40.56:286][338]PIE:Error: Error Accessed None 'CallFunc_FinishSpawningActor_ReturnValue' from node SetActorTransform in graph 'EventGraph' in blueprint ThirdPersonCharacter
[2015.11.03-00.40.56:309][339]PIE:Error: Error Accessed None 'CallFunc_FinishSpawningActor_ReturnValue' from node SetActorTransform in graph 'EventGraph' in blueprint ThirdPersonCharacter
[2015.11.03-00.40.56:333][340]PIE:Error: Error Accessed None 'CallFunc_FinishSpawningActor_ReturnValue' from node SetActorTransform in graph 'EventGraph' in blueprint ThirdPersonCharacter
[2015.11.03-00.40.56:364][341]PIE:Error: Error Accessed None 'CallFunc_FinishSpawningActor_ReturnValue' from node SetActorTransform in graph 'EventGraph' in blueprint ThirdPersonCharacter
[2015.11.03-00.40.56:385][342]PIE:Error: Error Accessed None 'CallFunc_FinishSpawningActor_ReturnValue' from node SetActorTransform in graph 'EventGraph' in blueprint ThirdPersonCharacter
[2015.11.03-00.40.56:399][343]PIE:Error: Error Accessed None 'CallFunc_FinishSpawningActor_ReturnValue' from node SetActorTransform in graph 'EventGraph' in blueprint ThirdPersonCharacter
[2015.11.03-00.40.56:413][344]PIE:Error: Error Accessed None 'CallFunc_FinishSpawningActor_ReturnValue' from node SetActorTransform in graph 'EventGraph' in blueprint ThirdPersonCharacter
[2015.11.03-00.40.56:431][345]PIE:Error: Error Accessed None 'CallFunc_FinishSpawningActor_ReturnValue' from node SetActorTransform in graph 'EventGraph' in blueprint ThirdPersonCharacter
[2015.11.03-00.40.56:461][346]PIE:Error: Error Accessed None 'CallFunc_FinishSpawningActor_ReturnValue' from node SetActorTransform in graph 'EventGraph' in blueprint ThirdPersonCharacter
[2015.11.03-00.40.56:481][347]PIE:Error: Error Accessed None 'CallFunc_FinishSpawningActor_ReturnValue' from node SetActorTransform in graph 'EventGraph' in blueprint ThirdPersonCharacter
[2015.11.03-00.40.56:496][348]PIE:Error: Error Accessed None 'CallFunc_FinishSpawningActor_ReturnValue' from node SetActorTransform in graph 'EventGraph' in blueprint ThirdPersonCharacter
[2015.11.03-00.40.56:510][349]PIE:Error: Error Accessed None 'CallFunc_FinishSpawningActor_ReturnValue' from node SetActorTransform in graph 'EventGraph' in blueprint ThirdPersonCharacter
[2015.11.03-00.40.56:524][350]PIE:Error: Error Accessed None 'CallFunc_FinishSpawningActor_ReturnValue' from node SetActorTransform in graph 'EventGraph' in blueprint ThirdPersonCharacter
[2015.11.03-00.40.56:538][351]PIE:Error: Error Accessed None 'CallFunc_FinishSpawningActor_ReturnValue' from node SetActorTransform in graph 'EventGraph' in blueprint ThirdPersonCharacter
[2015.11.03-00.40.56:553][352]PIE:Error: Error Accessed None 'CallFunc_FinishSpawningActor_ReturnValue' from node SetActorTransform in graph 'EventGraph' in blueprint ThirdPersonCharacter
[2015.11.03-00.40.56:567][353]PIE:Error: Error Accessed None 'CallFunc_FinishSpawningActor_ReturnValue' from node SetActorTransform in graph 'EventGraph' in blueprint ThirdPersonCharacter
[2015.11.03-00.40.56:581][354]PIE:Error: Error Accessed None 'CallFunc_FinishSpawningActor_ReturnValue' from node SetActorTransform in graph 'EventGraph' in blueprint ThirdPersonCharacter
[2015.11.03-00.40.56:594][355]PIE:Error: Error Accessed None 'CallFunc_FinishSpawningActor_ReturnValue' from node SetActorTransform in graph 'EventGraph' in blueprint ThirdPersonCharacter
[2015.11.03-00.40.56:608][356]PIE:Error: Error Accessed None 'CallFunc_FinishSpawningActor_ReturnValue' from node SetActorTransform in graph 'EventGraph' in blueprint ThirdPersonCharacter
[2015.11.03-00.40.56:623][357]PIE:Error: Error Accessed None 'CallFunc_FinishSpawningActor_ReturnValue' from node SetActorTransform in graph 'EventGraph' in blueprint ThirdPersonCharacter
[2015.11.03-00.40.56:638][358]PIE:Error: Error Accessed None 'CallFunc_FinishSpawningActor_ReturnValue' from node SetActorTransform in graph 'EventGraph' in blueprint ThirdPersonCharacter
[2015.11.03-00.40.56:652][359]PIE:Error: Error Accessed None 'CallFunc_FinishSpawningActor_ReturnValue' from node SetActorTransform in graph 'EventGraph' in blueprint ThirdPersonCharacter
[2015.11.03-00.40.56:667][360]PIE:Error: Error Accessed None 'CallFunc_FinishSpawningActor_ReturnValue' from node SetActorTransform in graph 'EventGraph' in blueprint ThirdPersonCharacter
[2015.11.03-00.40.56:681][361]PIE:Error: Error Accessed None 'CallFunc_FinishSpawningActor_ReturnValue' from node SetActorTransform in graph 'EventGraph' in blueprint ThirdPersonCharacter
[2015.11.03-00.40.56:695][362]PIE:Error: Error Accessed None 'CallFunc_FinishSpawningActor_ReturnValue' from node SetActorTransform in graph 'EventGraph' in blueprint ThirdPersonCharacter
[2015.11.03-00.40.56:709][363]PIE:Error: Error Accessed None 'CallFunc_FinishSpawningActor_ReturnValue' from node SetActorTransform in graph 'EventGraph' in blueprint ThirdPersonCharacter
[2015.11.03-00.40.56:724][364]PIE:Error: Error Accessed None 'CallFunc_FinishSpawningActor_ReturnValue' from node SetActorTransform in graph 'EventGraph' in blueprint ThirdPersonCharacter
[2015.11.03-00.40.56:738][365]PIE:Error: Error Accessed None 'CallFunc_FinishSpawningActor_ReturnValue' from node SetActorTransform in graph 'EventGraph' in blueprint ThirdPersonCharacter
[2015.11.03-00.40.56:752][366]PIE:Error: Error Accessed None 'CallFunc_FinishSpawningActor_ReturnValue' from node SetActorTransform in graph 'EventGraph' in blueprint ThirdPersonCharacter
[2015.11.03-00.40.56:766][367]PIE:Error: Error Accessed None 'CallFunc_FinishSpawningActor_ReturnValue' from node SetActorTransform in graph 'EventGraph' in blueprint ThirdPersonCharacter
[2015.11.03-00.40.56:783][368]PIE:Error: Error Accessed None 'CallFunc_FinishSpawningActor_ReturnValue' from node SetActorTransform in graph 'EventGraph' in blueprint ThirdPersonCharacter
[2015.11.03-00.40.56:797][369]PIE:Error: Error Accessed None 'CallFunc_FinishSpawningActor_ReturnValue' from node SetActorTransform in graph 'EventGraph' in blueprint ThirdPersonCharacter
[2015.11.03-00.40.56:811][370]PIE:Error: Error Accessed None 'CallFunc_FinishSpawningActor_ReturnValue' from node SetActorTransform in graph 'EventGraph' in blueprint ThirdPersonCharacter
[2015.11.03-00.40.56:827][371]PIE:Error: Error Accessed None 'CallFunc_FinishSpawningActor_ReturnValue' from node SetActorTransform in graph 'EventGraph' in blueprint ThirdPersonCharacter
[2015.11.03-00.40.56:842][372]PIE:Error: Error Accessed None 'CallFunc_FinishSpawningActor_ReturnValue' from node SetActorTransform in graph 'EventGraph' in blueprint ThirdPersonCharacter
[2015.11.03-00.40.56:858][373]PIE:Error: Error Accessed None 'CallFunc_FinishSpawningActor_ReturnValue' from node SetActorTransform in graph 'EventGraph' in blueprint ThirdPersonCharacter
[2015.11.03-00.40.56:873][374]PIE:Error: Error Accessed None 'CallFunc_FinishSpawningActor_ReturnValue' from node SetActorTransform in graph 'EventGraph' in blueprint ThirdPersonCharacter
[2015.11.03-00.40.56:887][375]PIE:Error: Error Accessed None 'CallFunc_FinishSpawningActor_ReturnValue' from node SetActorTransform in graph 'EventGraph' in blueprint ThirdPersonCharacter
[2015.11.03-00.40.56:902][376]PIE:Error: Error Accessed None 'CallFunc_FinishSpawningActor_ReturnValue' from node SetActorTransform in graph 'EventGraph' in blueprint ThirdPersonCharacter
[2015.11.03-00.40.56:916][377]PIE:Error: Error Accessed None 'CallFunc_FinishSpawningActor_ReturnValue' from node SetActorTransform in graph 'EventGraph' in blueprint ThirdPersonCharacter
[2015.11.03-00.40.56:931][378]PIE:Error: Error Accessed None 'CallFunc_FinishSpawningActor_ReturnValue' from node SetActorTransform in graph 'EventGraph' in blueprint ThirdPersonCharacter
[2015.11.03-00.40.56:945][379]PIE:Error: Error Accessed None 'CallFunc_FinishSpawningActor_ReturnValue' from node SetActorTransform in graph 'EventGraph' in blueprint ThirdPersonCharacter
[2015.11.03-00.40.56:960][380]PIE:Error: Error Accessed None 'CallFunc_FinishSpawningActor_ReturnValue' from node SetActorTransform in graph 'EventGraph' in blueprint ThirdPersonCharacter
[2015.11.03-00.40.56:974][381]PIE:Error: Error Accessed None 'CallFunc_FinishSpawningActor_ReturnValue' from node SetActorTransform in graph 'EventGraph' in blueprint ThirdPersonCharacter
[2015.11.03-00.40.56:988][382]PIE:Error: Error Accessed None 'CallFunc_FinishSpawningActor_ReturnValue' from node SetActorTransform in graph 'EventGraph' in blueprint ThirdPersonCharacter
[2015.11.03-00.40.57:002][383]PIE:Error: Error Accessed None 'CallFunc_FinishSpawningActor_ReturnValue' from node SetActorTransform in graph 'EventGraph' in blueprint ThirdPersonCharacter
[2015.11.03-00.40.57:016][384]PIE:Error: Error Accessed None 'CallFunc_FinishSpawningActor_ReturnValue' from node SetActorTransform in graph 'EventGraph' in blueprint ThirdPersonCharacter
[2015.11.03-00.40.57:030][385]PIE:Error: Error Accessed None 'CallFunc_FinishSpawningActor_ReturnValue' from node SetActorTransform in graph 'EventGraph' in blueprint ThirdPersonCharacter
[2015.11.03-00.40.57:044][386]PIE:Error: Error Accessed None 'CallFunc_FinishSpawningActor_ReturnValue' from node SetActorTransform in graph 'EventGraph' in blueprint ThirdPersonCharacter
[2015.11.03-00.40.57:058][387]PIE:Error: Error Accessed None 'CallFunc_FinishSpawningActor_ReturnValue' from node SetActorTransform in graph 'EventGraph' in blueprint ThirdPersonCharacter
[2015.11.03-00.40.57:073][388]PIE:Error: Error Accessed None 'CallFunc_FinishSpawningActor_ReturnValue' from node SetActorTransform in graph 'EventGraph' in blueprint ThirdPersonCharacter
[2015.11.03-00.40.57:087][389]PIE:Error: Error Accessed None 'CallFunc_FinishSpawningActor_ReturnValue' from node SetActorTransform in graph 'EventGraph' in blueprint ThirdPersonCharacter
[2015.11.03-00.40.57:104][390]PIE:Error: Error Accessed None 'CallFunc_FinishSpawningActor_ReturnValue' from node SetActorTransform in graph 'EventGraph' in blueprint ThirdPersonCharacter
[2015.11.03-00.40.57:118][391]PIE:Error: Error Accessed None 'CallFunc_FinishSpawningActor_ReturnValue' from node SetActorTransform in graph 'EventGraph' in blueprint ThirdPersonCharacter
[2015.11.03-00.40.57:132][392]PIE:Error: Error Accessed None 'CallFunc_FinishSpawningActor_ReturnValue' from node SetActorTransform in graph 'EventGraph' in blueprint ThirdPersonCharacter
[2015.11.03-00.40.57:147][393]PIE:Error: Error Accessed None 'CallFunc_FinishSpawningActor_ReturnValue' from node SetActorTransform in graph 'EventGraph' in blueprint ThirdPersonCharacter
[2015.11.03-00.40.57:161][394]PIE:Error: Error Accessed None 'CallFunc_FinishSpawningActor_ReturnValue' from node SetActorTransform in graph 'EventGraph' in blueprint ThirdPersonCharacter
[2015.11.03-00.40.57:175][395]PIE:Error: Error Accessed None 'CallFunc_FinishSpawningActor_ReturnValue' from node SetActorTransform in graph 'EventGraph' in blueprint ThirdPersonCharacter
[2015.11.03-00.40.57:188][396]PIE:Error: Error Accessed None 'CallFunc_FinishSpawningActor_ReturnValue' from node SetActorTransform in graph 'EventGraph' in blueprint ThirdPersonCharacter
[2015.11.03-00.40.57:202][397]PIE:Error: Error Accessed None 'CallFunc_FinishSpawningActor_ReturnValue' from node SetActorTransform in graph 'EventGraph' in blueprint ThirdPersonCharacter
[2015.11.03-00.40.57:217][398]PIE:Error: Error Accessed None 'CallFunc_FinishSpawningActor_ReturnValue' from node SetActorTransform in graph 'EventGraph' in blueprint ThirdPersonCharacter
[2015.11.03-00.40.57:230][399]PIE:Error: Error Accessed None 'CallFunc_FinishSpawningActor_ReturnValue' from node SetActorTransform in graph 'EventGraph' in blueprint ThirdPersonCharacter
[2015.11.03-00.40.57:245][400]PIE:Error: Error Accessed None 'CallFunc_FinishSpawningActor_ReturnValue' from node SetActorTransform in graph 'EventGraph' in blueprint ThirdPersonCharacter
[2015.11.03-00.40.57:259][401]PIE:Error: Error Accessed None 'CallFunc_FinishSpawningActor_ReturnValue' from node SetActorTransform in graph 'EventGraph' in blueprint ThirdPersonCharacter
[2015.11.03-00.40.57:273][402]PIE:Error: Error Accessed None 'CallFunc_FinishSpawningActor_ReturnValue' from node SetActorTransform in graph 'EventGraph' in blueprint ThirdPersonCharacter
[2015.11.03-00.40.57:287][403]PIE:Error: Error Accessed None 'CallFunc_FinishSpawningActor_ReturnValue' from node SetActorTransform in graph 'EventGraph' in blueprint ThirdPersonCharacter
[2015.11.03-00.40.57:302][404]PIE:Error: Error Accessed None 'CallFunc_FinishSpawningActor_ReturnValue' from node SetActorTransform in graph 'EventGraph' in blueprint ThirdPersonCharacter
[2015.11.03-00.40.57:316][405]PIE:Error: Error Accessed None 'CallFunc_FinishSpawningActor_ReturnValue' from node SetActorTransform in graph 'EventGraph' in blueprint ThirdPersonCharacter
[2015.11.03-00.40.57:330][406]PIE:Error: Error Accessed None 'CallFunc_FinishSpawningActor_ReturnValue' from node SetActorTransform in graph 'EventGraph' in blueprint ThirdPersonCharacter
[2015.11.03-00.40.57:345][407]PIE:Error: Error Accessed None 'CallFunc_FinishSpawningActor_ReturnValue' from node SetActorTransform in graph 'EventGraph' in blueprint ThirdPersonCharacter
[2015.11.03-00.40.57:359][408]PIE:Error: Error Accessed None 'CallFunc_FinishSpawningActor_ReturnValue' from node SetActorTransform in graph 'EventGraph' in blueprint ThirdPersonCharacter
[2015.11.03-00.40.57:373][409]PIE:Error: Error Accessed None 'CallFunc_FinishSpawningActor_ReturnValue' from node SetActorTransform in graph 'EventGraph' in blueprint ThirdPersonCharacter
[2015.11.03-00.40.57:387][410]PIE:Error: Error Accessed None 'CallFunc_FinishSpawningActor_ReturnValue' from node SetActorTransform in graph 'EventGraph' in blueprint ThirdPersonCh