[2015.11.04-19.34.55:193][  0]Log file open, 11/04/15 14:34:55
[2015.11.04-19.34.55:193][  0]LogInit:Display: Running engine for game: GD1
[2015.11.04-19.34.55:193][  0]LogInit:Display: RandInit(429056935) SRandInit(429056936).
[2015.11.04-19.34.55:193][  0]LogTaskGraph: Started task graph with 4 named threads and 5 total threads.
[2015.11.04-19.34.55:193][  0]LogStats: Stats thread started at 0.057678
[2015.11.04-19.34.55:193][  0]LogInit: Version: 4.9.2-2707645+++depot+UE4-Releases+4.9
[2015.11.04-19.34.55:193][  0]LogInit: API Version: 2672455
[2015.11.04-19.34.55:193][  0]LogInit: Compiled (64-bit): Sep 28 2015 10:25:44
[2015.11.04-19.34.55:193][  0]LogInit: Compiled with Visual C++: 18.00.21005.01
[2015.11.04-19.34.55:193][  0]LogInit: Build Configuration: Development
[2015.11.04-19.34.55:193][  0]LogInit: Branch Name: ++depot+UE4-Releases+4.9
[2015.11.04-19.34.55:193][  0]LogInit: Command line:  
[2015.11.04-19.34.55:193][  0]LogInit: Base directory: C:/Program Files/Epic Games/4.9/Engine/Binaries/Win64/
[2015.11.04-19.34.55:193][  0]LogInit: Rocket: 1
[2015.11.04-19.34.55:204][  0]LogInit: Using libcurl 7.41.0
[2015.11.04-19.34.55:204][  0]LogInit:  - built for x86_64-pc-win32
[2015.11.04-19.34.55:204][  0]LogInit:  - supports SSL with WinSSL
[2015.11.04-19.34.55:204][  0]LogInit:  - other features:
[2015.11.04-19.34.55:204][  0]LogInit:      CURL_VERSION_SSL
[2015.11.04-19.34.55:204][  0]LogInit:      CURL_VERSION_IPV6
[2015.11.04-19.34.55:204][  0]LogInit:      CURL_VERSION_ASYNCHDNS
[2015.11.04-19.34.55:204][  0]LogInit:      CURL_VERSION_LARGEFILE
[2015.11.04-19.34.55:204][  0]LogInit:      CURL_VERSION_IDN
[2015.11.04-19.34.55:204][  0]LogInit:  CurlRequestOptions (configurable via config and command line):
[2015.11.04-19.34.55:204][  0]LogInit:  - bVerifyPeer = true  - Libcurl will verify peer certificate
[2015.11.04-19.34.55:204][  0]LogInit:  - bUseHttpProxy = false  - Libcurl will NOT use HTTP proxy
[2015.11.04-19.34.55:204][  0]LogInit:  - bDontReuseConnections = false  - Libcurl will reuse connections
[2015.11.04-19.34.55:204][  0]LogInit:  - CertBundlePath = nullptr  - Libcurl will use whatever was configured at build time.
[2015.11.04-19.34.55:213][  0]LogInit: Presizing for 0 objects not considered by GC, pre-allocating 0 bytes.
[2015.11.04-19.34.55:221][  0]LogInit: Object subsystem initialized
[2015.11.04-19.34.55:223][  0]LogInit: Selected Device Profile: [Windows]
[2015.11.04-19.34.55:223][  0]LogInit: Applying CVar settings loaded from the selected device profile: [Windows]
[2015.11.04-19.34.55:234][  0]LogInit: Computer: LAROSA2T430S
[2015.11.04-19.34.55:234][  0]LogInit: User: larosa2
[2015.11.04-19.34.55:234][  0]LogInit: CPU Page size=4096, Cores=2
[2015.11.04-19.34.55:234][  0]LogInit: High frequency timer resolution =2.825664 MHz
[2015.11.04-19.34.55:234][  0]LogMemory: Memory total: Physical=7.7GB (8GB approx)
[2015.11.04-19.34.55:234][  0]LogMemory: Platform Memory Stats for Windows
[2015.11.04-19.34.55:234][  0]LogMemory: Process Physical Memory: 53.86 MB used, 53.86 MB peak
[2015.11.04-19.34.55:234][  0]LogMemory: Process Virtual Memory: 58.43 MB used, 58.43 MB peak
[2015.11.04-19.34.55:234][  0]LogMemory: Physical Memory: 3129.68 MB used, 7888.80 MB total
[2015.11.04-19.34.55:234][  0]LogMemory: Virtual Memory: 338.20 MB used, 8388608.00 MB total
[2015.11.04-19.34.55:280][  0]LogTextLocalizationManager: No specific translations for ('en-US') exist, so ('en') translations will be used.
[2015.11.04-19.34.56:139][  0]LogD3D11RHI: Found D3D11 adapter 0: NVIDIA NVS 5200M (Feature Level 11_0)
[2015.11.04-19.34.56:140][  0]LogD3D11RHI: Adapter has 977MB of dedicated video memory, 0MB of dedicated system memory, and 3071MB of shared system memory, 1 output[s]
[2015.11.04-19.34.56:152][  0]LogD3D11RHI: Found D3D11 adapter 1: NVIDIA NVS 5200M (Feature Level 11_0)
[2015.11.04-19.34.56:152][  0]LogD3D11RHI: Adapter has 977MB of dedicated video memory, 0MB of dedicated system memory, and 3071MB of shared system memory, 0 output[s]
[2015.11.04-19.34.56:152][  0]LogD3D11RHI: Chosen D3D11 Adapter Id = 0
[2015.11.04-19.34.56:160][  0]LogD3D11RHI: !Direct3DDevice
[2015.11.04-19.34.56:160][  0]LogRHI: Texture pool is 684 MB (70% of 977 MB)
[2015.11.04-19.34.56:173][  0]LogD3D11RHI: Async texture creation enabled
[2015.11.04-19.34.56:188][  0]LogShaderCompilers: Guid format shader working directory is 15 characters bigger than the processId version (../../../../../../Users/larosa2/My Games/GD1/Intermediate/Shaders/WorkingDirectory/1656/).
[2015.11.04-19.34.56:188][  0]LogShaderCompilers: Cleaned the shader compiler working directory '../../../../../../Users/larosa2/My Games/GD1/Intermediate/Shaders/tmp/9DD1BFA94E4BD104B5B822BE4ED744FB/'.
[2015.11.04-19.34.56:188][  0]LogShaderCompilers:Display: Using Local Shader Compiler.
[2015.11.04-19.34.57:497][  0]LogTemp:Display: Loaded TP AllDesktopTargetPlatform
[2015.11.04-19.34.57:504][  0]LogTemp:Display: Loaded TP WindowsClientTargetPlatform
[2015.11.04-19.34.57:510][  0]LogTemp:Display: Loaded TP WindowsNoEditorTargetPlatform
[2015.11.04-19.34.57:516][  0]LogTemp:Display: Loaded TP WindowsServerTargetPlatform
[2015.11.04-19.34.57:522][  0]LogTemp:Display: Loaded TP WindowsTargetPlatform
[2015.11.04-19.34.57:526][  0]LogTemp:Display: Loaded TP AndroidTargetPlatform
[2015.11.04-19.34.57:530][  0]LogTemp:Display: Loaded TP Android_ASTCTargetPlatform
[2015.11.04-19.34.57:534][  0]LogTemp:Display: Loaded TP Android_ATCTargetPlatform
[2015.11.04-19.34.57:538][  0]LogTemp:Display: Loaded TP Android_DXTTargetPlatform
[2015.11.04-19.34.57:542][  0]LogTemp:Display: Loaded TP Android_ETC1TargetPlatform
[2015.11.04-19.34.57:546][  0]LogTemp:Display: Loaded TP Android_ETC2TargetPlatform
[2015.11.04-19.34.57:551][  0]LogTemp:Display: Loaded TP Android_PVRTCTargetPlatform
[2015.11.04-19.34.57:551][  0]LogTemp:Display: Loaded TP HTML5TargetPlatform
[2015.11.04-19.34.57:569][  0]LogTemp:Display: Loaded TP IOSTargetPlatform
[2015.11.04-19.34.57:573][  0]LogTemp:Display: Loaded TP LinuxNoEditorTargetPlatform
[2015.11.04-19.34.57:577][  0]LogTemp:Display: Loaded TP LinuxServerTargetPlatform
[2015.11.04-19.34.57:581][  0]LogTemp:Display: Loaded TP LinuxTargetPlatform
[2015.11.04-19.34.57:581][  0]LogTargetPlatformManager:Display: Building Assets For Windows
[2015.11.04-19.34.57:688][  0]LogDerivedDataCache:Display: Max Cache Size: 512 MB
[2015.11.04-19.34.57:730][  0]LogDerivedDataCache: Loaded boot cache 0.04s 41MB C:/Users/larosa2/AppData/Local/UnrealEngine/4.9/DerivedDataCache/Boot.ddc.
[2015.11.04-19.34.57:730][  0]LogDerivedDataCache:Display: Loaded Boot cache: C:/Users/larosa2/AppData/Local/UnrealEngine/4.9/DerivedDataCache/Boot.ddc
[2015.11.04-19.34.57:730][  0]LogDerivedDataCache: FDerivedDataBackendGraph:  Pak pak cache file ../../../../../../Users/larosa2/My Games/GD1/DerivedDataCache/DDC.ddp not found, will not use a pak cache.
[2015.11.04-19.34.57:730][  0]LogDerivedDataCache: Unable to find inner node Pak for hierarchical cache Hierarchy.
[2015.11.04-19.34.57:730][  0]LogDerivedDataCache: FDerivedDataBackendGraph:  CompressedPak pak cache file ../../../../../../Users/larosa2/My Games/GD1/DerivedDataCache/Compressed.ddp not found, will not use a pak cache.
[2015.11.04-19.34.57:730][  0]LogDerivedDataCache: Unable to find inner node CompressedPak for hierarchical cache Hierarchy.
[2015.11.04-19.34.57:891][  0]LogDerivedDataCache:Display: Pak cache opened for reading ../../../Engine/DerivedDataCache/Compressed.ddp.
[2015.11.04-19.34.57:903][  0]LogDerivedDataCache: Using Local data cache path C:/Users/larosa2/AppData/Local/UnrealEngine/Common/DerivedDataCache: Writable
[2015.11.04-19.34.58:113][  0]LogInit: Selected Device Profile: [Windows]
[2015.11.04-19.34.58:114][  0]LogContentStreaming: Texture pool size is 0.000000MB
[2015.11.04-19.34.58:144][  0]LogMeshUtilities: No automatic mesh reduction module available
[2015.11.04-19.34.58:144][  0]LogMeshUtilities: No automatic mesh merging module available
[2015.11.04-19.34.58:561][  0]LogInit: WinSock: version 1.1 (2.2), MaxSocks=32767, MaxUdp=65467
[2015.11.04-19.34.59:381][  0]UdpMessaging: Initializing bridge on interface 0.0.0.0:0 to multicast group 230.0.0.1:6666.
[2015.11.04-19.34.59:480][  0]LogAssetRegistry: FAssetRegistry took 0.0098 seconds to start up
[2015.11.04-19.34.59:691][  0]SourceControl: Info Source control is disabled
[2015.11.04-19.34.59:728][  0]SourceControl: Info Source control is disabled
[2015.11.04-19.34.59:747][  0]SourceControl: Info Source control is disabled
[2015.11.04-19.34.59:768][  0]SourceControl: Info Source control is disabled
[2015.11.04-19.34.59:957][  0]LogLinker:Warning: Asset '../../../Engine/Plugins/Runtime/LeapMotionController/Content/LM_PassthroughMaterial.uasset' has been saved with empty engine version. The asset will be loaded but may be incompatible.
[2015.11.04-19.35.00:058][  0]LogObj: 28361 objects as part of root set at end of initial load.
[2015.11.04-19.35.00:058][  0]LogUObjectAllocator: 6038872 out of 0 bytes used by permanent object pool.
[2015.11.04-19.35.00:118][  0]LogEngine: Initializing Engine...
[2015.11.04-19.35.00:122][  0]LogHMD: Can't find Oculus library dev build: is proper Runtime installed? Version: 0.7.0.0
[2015.11.04-19.35.00:123][  0]LogHMD: SteamVR failed to initialize.  Err: 100
[2015.11.04-19.35.00:266][  0]LogAIModule: Creating AISystem for world NewWorld
[2015.11.04-19.35.00:271][  0]LogInit: XAudio2 using 'Speaker/HP (Realtek High Definition Audio)' : 2 channels at 48 kHz using 32 bits per sample (channel mask 0x3)
[2015.11.04-19.35.00:311][  0]LogInit: FAudioDevice initialized.
[2015.11.04-19.35.00:337][  0]LogDerivedDataCache: Saved boot cache 0.03s 41MB C:/Users/larosa2/AppData/Local/UnrealEngine/4.9/DerivedDataCache/Boot.ddc.
[2015.11.04-19.35.00:341][  0]LogInit: Texture streaming: Enabled
[2015.11.04-19.35.00:347][  0]LogAnalytics: Creating configured Analytics provider AnalyticsET
[2015.11.04-19.35.00:347][  0]LogAnalytics: [UEEditor.Rocket.Release] APIServer = http://et2.epicgames.com/ET2/. AppVersion = 4.9.2-2707645+++depot+UE4-Releases+4.9
[2015.11.04-19.35.00:348][  0]LogAnalytics: [UEEditor.Rocket.Release] SetUserId f9e018a54da841c4170f82a7d35c063e|349979d5528e471aa085e7652a6abe9c|a81bc34c-fd37-418f-86d6-7d22b436766f
[2015.11.04-19.35.00:348][  0]LogAnalytics: [UEEditor.Rocket.Release] AnalyticsET::StartSession
[2015.11.04-19.35.00:410][  0]LogInit: Transaction tracking system initialized
[2015.11.04-19.35.00:449][  0]BlueprintLog: New page: Editor Load
[2015.11.04-19.35.00:594][  0]LocalizationService: Info Localization service is disabled
[2015.11.04-19.35.00:951][  0]LogConsoleResponse:Display: 
[2015.11.04-19.35.01:133][  0]LogCook:Display: Done creating registry. It took  0.00s.
[2015.11.04-19.35.01:244][  0]LogFileCache: Scanning file cache for directory 'C:/Users/larosa2/My Games/GD1/Content/' took 0.01s
[2015.11.04-19.35.01:244][  0]SourceControl: Info Source control is disabled
[2015.11.04-19.35.01:244][  0]Cmd: MAP LOAD FILE="../../../../../../Users/larosa2/My Games/GD1/Content/StarterContent/Maps/Minimal_Default.umap" TEMPLATE=0 SHOWPROGRESS=1 FEATURELEVEL=3
[2015.11.04-19.35.01:245][  0]LightingResults: New page: Lighting Build
[2015.11.04-19.35.01:252][  0]MapCheck: New page: Map Check
[2015.11.04-19.35.01:252][  0]LightingResults: New page: Lighting Build
[2015.11.04-19.35.01:276][  0]LogParticles: Destroying 0 GPU particle simulations for FXSystem 0x0000000024A0A160
[2015.11.04-19.35.01:810][  0]LogAIModule: Creating AISystem for world Minimal_Default
[2015.11.04-19.35.01:819][  0]LogEditorServer: Finished looking for orphan Actors (0.000 secs)
[2015.11.04-19.35.01:819][  0]Cmd: MAP CHECKDEP NOCLEARLOG
[2015.11.04-19.35.01:910][  0]MapCheck: Info Map check complete: 0 Error(s), 0 Warning(s), took 90.781ms to complete.
[2015.11.04-19.35.01:910][  0]LogFileHelpers: Loading map 'Minimal_Default' took 0.666
[2015.11.04-19.35.02:042][  0]LogCollectionManager: Loaded 0 collections in 0.004176 seconds
[2015.11.04-19.35.02:085][  0]LogFileCache: Scanning file cache for directory 'C:/Users/larosa2/My Games/GD1/Saved/Collections/' took 0.01s
[2015.11.04-19.35.02:085][  0]LogFileCache: Scanning file cache for directory 'C:/Users/larosa2/My Games/GD1/Content/Developers/larosa2/Collections/' took 0.01s
[2015.11.04-19.35.02:085][  0]LogFileCache: Scanning file cache for directory 'C:/Users/larosa2/My Games/GD1/Content/Collections/' took 0.01s
[2015.11.04-19.35.02:085][  0]LogContentBrowser: Native class hierarchy populated in 0.0117 seconds. Added 1867 classes and 333 folders.
[2015.11.04-19.35.02:093][  0]LogCollectionManager: Rebuilt the GUID cache for 0 collections in 0.000003 seconds
[2015.11.04-19.35.02:104][  0]LogContentBrowser: Native class hierarchy updated for 'WidgetCarousel' in 0.0006 seconds. Added 0 classes and 0 folders.
[2015.11.04-19.35.02:182][  0]LogContentBrowser: Native class hierarchy updated for 'AddContentDialog' in 0.0004 seconds. Added 0 classes and 0 folders.
[2015.11.04-19.35.02:188][  0]LogContentBrowser: Native class hierarchy updated for 'SceneOutliner' in 0.0005 seconds. Added 1 classes and 2 folders.
[2015.11.04-19.35.02:221][  0]LogCrashTracker: Crashtracker disabled due to settings.
[2015.11.04-19.35.02:227][  0]LogUObjectGlobals:Warning: Failed to find object 'Class None.'
[2015.11.04-19.35.02:250][  0]LogLoad: Full Startup: 7.64 seconds (BP compile: 0.06 seconds)
[2015.11.04-19.35.02:317][  0]LogContentStreaming: Texture pool size now 200 MB
[2015.11.04-19.35.02:459][  0]LogRenderer: Reallocating scene render targets to support 856x572 (Frame:2).
[2015.11.04-19.35.02:798][  4]LogAssetRegistry: Asset discovery search completed in 3.3279 seconds
[2015.11.04-19.35.02:798][  4]LogCollectionManager: Rebuilt the object cache for 0 collections in 0.000001 seconds (found 0 objects)
[2015.11.04-19.35.02:798][  4]LogCollectionManager: Fixed up redirectors for 0 collections in 0.000023 seconds (updated 0 objects)
[2015.11.04-19.37.11:724][398]Cmd: QUIT_EDITOR
[2015.11.04-19.37.12:004][398]LogExit: Preparing to exit.
[2015.11.04-19.37.12:422][398]LogExit: Editor shut down
[2015.11.04-19.37.12:423][398]LogExit: Transaction tracking system shut down
[2015.11.04-19.37.12:424][398]LogParticles: Destroying 0 GPU particle simulations for FXSystem 0x000000001341E700
[2015.11.04-19.37.12:425][398]LogParticles: Destroying 0 GPU particle simulations for FXSystem 0x0000000026F2E660
[2015.11.04-19.37.12:425][398]LogParticles: Destroying 0 GPU particle simulations for FXSystem 0x000000002A1FD3A0
[2015.11.04-19.37.12:543][398]LogExit: Object subsystem successfully closed.
[2015.11.04-19.37.12:549][398]LogD3D11RHI: Shutdown
[2015.11.04-19.37.12:549][398]LogD3D11RHI: CleanupD3DDevice
[2015.11.04-19.37.12:591][398]LogD3D11RHI: ~FD3D11DynamicRHI
[2015.11.04-19.37.12:614][398]LogModuleManager: Shutting down and abandoning module CrashTracker (197)
[2015.11.04-19.37.12:614][398]LogModuleManager: Shutting down and abandoning module SceneOutliner (196)
[2015.11.04-19.37.12:614][398]LogModuleManager: Shutting down and abandoning module SuperSearch (195)
[2015.11.04-19.37.12:614][398]LogModuleManager: Shutting down and abandoning module WidgetCarousel (194)
[2015.11.04-19.37.12:614][398]LogModuleManager: Shutting down and abandoning module AddContentDialog (193)
[2015.11.04-19.37.12:615][398]LogModuleManager: Shutting down and abandoning module EditorWidgets (192)
[2015.11.04-19.37.12:615][398]LogModuleManager: Shutting down and abandoning module CollectionManager (191)
[2015.11.04-19.37.12:616][398]LogModuleManager: Shutting down and abandoning module StatsViewer (190)
[2015.11.04-19.37.12:616][398]LogModuleManager: Shutting down and abandoning module FoliageEdit (189)
[2015.11.04-19.37.12:616][398]LogModuleManager: Shutting down and abandoning module LandscapeEditor (188)
[2015.11.04-19.37.12:616][398]LogModuleManager: Shutting down and abandoning module ActorPickerMode (187)
[2015.11.04-19.37.12:616][398]LogModuleManager: Shutting down and abandoning module GeometryMode (186)
[2015.11.04-19.37.12:616][398]LogModuleManager: Shutting down and abandoning module TextureAlignMode (185)
[2015.11.04-19.37.12:616][398]LogModuleManager: Shutting down and abandoning module BspMode (184)
[2015.11.04-19.37.12:616][398]LogModuleManager: Shutting down and abandoning module PlacementMode (183)
[2015.11.04-19.37.12:616][398]LogModuleManager: Shutting down and abandoning module AutomationWorker (182)
[2015.11.04-19.37.12:616][398]LogModuleManager: Shutting down and abandoning module CharacterAI (181)
[2015.11.04-19.37.12:616][398]LogModuleManager: Shutting down and abandoning module SmartSnapping (180)
[2015.11.04-19.37.12:616][398]LogModuleManager: Shutting down and abandoning module ViewportSnapping (179)
[2015.11.04-19.37.12:616][398]LogModuleManager: Shutting down and abandoning module LogVisualizer (178)
[2015.11.04-19.37.12:616][398]LogModuleManager: Shutting down and abandoning module GameProjectGeneration (177)
[2015.11.04-19.37.12:616][398]LogModuleManager: Shutting down and abandoning module IntroTutorials (176)
[2015.11.04-19.37.12:616][398]LogModuleManager: Shutting down and abandoning module EditorLiveStreaming (175)
[2015.11.04-19.37.12:616][398]LogModuleManager: Shutting down and abandoning module IOSPlatformEditor (174)
[2015.11.04-19.37.12:616][398]LogModuleManager: Shutting down and abandoning module HTML5PlatformEditor (173)
[2015.11.04-19.37.12:616][398]LogModuleManager: Shutting down and abandoning module AndroidDeviceDetection (172)
[2015.11.04-19.37.12:675][398]LogModuleManager: Shutting down and abandoning module AndroidPlatformEditor (171)
[2015.11.04-19.37.12:675][398]LogModuleManager: Shutting down and abandoning module IOSRuntimeSettings (170)
[2015.11.04-19.37.12:675][398]LogModuleManager: Shutting down and abandoning module AndroidRuntimeSettings (169)
[2015.11.04-19.37.12:675][398]LogModuleManager: Shutting down and abandoning module MergeActors (168)
[2015.11.04-19.37.12:675][398]LogModuleManager: Shutting down and abandoning module SizeMap (167)
[2015.11.04-19.37.12:675][398]LogModuleManager: Shutting down and abandoning module TreeMap (166)
[2015.11.04-19.37.12:675][398]LogModuleManager: Shutting down and abandoning module ReferenceViewer (165)
[2015.11.04-19.37.12:675][398]LogModuleManager: Shutting down and abandoning module LocalizationService (164)
[2015.11.04-19.37.12:675][398]LogModuleManager: Shutting down and abandoning module LocalizationDashboard (163)
[2015.11.04-19.37.12:675][398]LogModuleManager: Shutting down and abandoning module HardwareTargeting (162)
[2015.11.04-19.37.12:675][398]LogModuleManager: Shutting down and abandoning module DeviceProfileEditor (161)
[2015.11.04-19.37.12:675][398]LogModuleManager: Shutting down and abandoning module UndoHistory (160)
[2015.11.04-19.37.12:675][398]LogModuleManager: Shutting down and abandoning module GameplayTagsEditor (159)
[2015.11.04-19.37.12:675][398]LogModuleManager: Shutting down and abandoning module UserFeedback (158)
[2015.11.04-19.37.12:675][398]LogModuleManager: Shutting down and abandoning module XmlParser (157)
[2015.11.04-19.37.12:675][398]LogModuleManager: Shutting down and abandoning module Blutility (156)
[2015.11.04-19.37.12:675][398]LogModuleManager: Shutting down and abandoning module ProjectTargetPlatformEditor (155)
[2015.11.04-19.37.12:675][398]LogModuleManager: Shutting down and abandoning module ProjectSettingsViewer (154)
[2015.11.04-19.37.12:675][398]LogModuleManager: Shutting down and abandoning module InputBindingEditor (153)
[2015.11.04-19.37.12:675][398]LogModuleManager: Shutting down and abandoning module EditorSettingsViewer (152)
[2015.11.04-19.37.12:675][398]LogModuleManager: Shutting down and abandoning module SettingsEditor (151)
[2015.11.04-19.37.12:675][398]LogModuleManager: Shutting down and abandoning module ProjectLauncher (150)
[2015.11.04-19.37.12:675][398]LogModuleManager: Shutting down and abandoning module SessionFrontend (149)
[2015.11.04-19.37.12:675][398]LogModuleManager: Shutting down and abandoning module ProfilerClient (148)
[2015.11.04-19.37.12:675][398]LogModuleManager: Shutting down and abandoning module TargetDeviceServices (147)
[2015.11.04-19.37.12:675][398]LogModuleManager: Shutting down and abandoning module DeviceManager (146)
[2015.11.04-19.37.12:676][398]LogModuleManager: Shutting down and abandoning module AutomationController (145)
[2015.11.04-19.37.12:676][398]LogModuleManager: Shutting down and abandoning module AutomationWindow (144)
[2015.11.04-19.37.12:676][398]LogModuleManager: Shutting down and abandoning module Layers (143)
[2015.11.04-19.37.12:676][398]LogModuleManager: Shutting down and abandoning module ComponentVisualizers (142)
[2015.11.04-19.37.12:676][398]LogModuleManager: Shutting down and abandoning module DetailCustomizations (141)
[2015.11.04-19.37.12:676][398]LogModuleManager: Shutting down and abandoning module PackagesDialog (140)
[2015.11.04-19.37.12:676][398]LogModuleManager: Shutting down and abandoning module Persona (139)
[2015.11.04-19.37.12:676][398]LogModuleManager: Shutting down and abandoning module Kismet (138)
[2015.11.04-19.37.12:676][398]LogModuleManager: Shutting down and abandoning module GraphEditor (137)
[2015.11.04-19.37.12:676][398]LogModuleManager: Shutting down and abandoning module ClassViewer (136)
[2015.11.04-19.37.12:676][398]LogModuleManager: Shutting down and abandoning module Toolbox (135)
[2015.11.04-19.37.12:676][398]LogModuleManager: Shutting down and abandoning module ModuleUI (134)
[2015.11.04-19.37.12:676][398]LogModuleManager: Shutting down and abandoning module MovieSceneTools (133)
[2015.11.04-19.37.12:676][398]LogModuleManager: Shutting down and abandoning module OutputLog (132)
[2015.11.04-19.37.12:676][398]LogModuleManager: Shutting down and abandoning module GammaUI (131)
[2015.11.04-19.37.12:676][398]LogModuleManager: Shutting down and abandoning module Documentation (130)
[2015.11.04-19.37.12:676][398]LogModuleManager: Shutting down and abandoning module GameLiveStreaming (129)
[2015.11.04-19.37.12:676][398]LogModuleManager: Shutting down and abandoning module StreamingPauseRendering (128)
[2015.11.04-19.37.12:676][398]LogModuleManager: Shutting down and abandoning module AnalyticsET (127)
[2015.11.04-19.37.12:676][398]LogModuleManager: Shutting down and abandoning module Analytics (126)
[2015.11.04-19.37.12:676][398]LogModuleManager: Shutting down and abandoning module AITestSuite (125)
[2015.11.04-19.37.12:676][398]LogModuleManager: Shutting down and abandoning module GameplayDebugger (124)
[2015.11.04-19.37.12:676][398]LogModuleManager: Shutting down and abandoning module AIModule (123)
[2015.11.04-19.37.12:676][398]LogModuleManager: Shutting down and abandoning module ProfilerService (122)
[2015.11.04-19.37.12:859][398]LogModuleManager: Shutting down and abandoning module TaskGraph (121)
[2015.11.04-19.37.12:859][398]LogModuleManager: Shutting down and abandoning module SlateRemote (120)
[2015.11.04-19.37.12:859][398]LogModuleManager: Shutting down and abandoning module SteamVRController (119)
[2015.11.04-19.37.12:859][398]LogModuleManager: Shutting down and abandoning module SteamVR (118)
[2015.11.04-19.37.12:859][398]LogModuleManager: Shutting down and abandoning module ProceduralMeshComponent (117)
[2015.11.04-19.37.12:859][398]LogModuleManager: Shutting down and abandoning module OculusRift (116)
[2015.11.04-19.37.12:859][398]LogModuleManager: Shutting down and abandoning module OculusLibrary (115)
[2015.11.04-19.37.12:859][398]LogModuleManager: Shutting down and abandoning module LeapMotionController (114)
[2015.11.04-19.37.12:870][398]LogModuleManager: Shutting down and abandoning module CustomMeshComponent (113)
[2015.11.04-19.37.12:870][398]LogModuleManager: Shutting down and abandoning module CableComponent (112)
[2015.11.04-19.37.12:870][398]LogModuleManager: Shutting down and abandoning module ArchVisCharacter (111)
[2015.11.04-19.37.12:870][398]LogModuleManager: Shutting down and abandoning module MessagingDebugger (110)
[2015.11.04-19.37.12:870][398]LogModuleManager: Shutting down and abandoning module MediaPlayerEditor (109)
[2015.11.04-19.37.12:870][398]LogModuleManager: Shutting down and abandoning module HTML5Networking (108)
[2015.11.04-19.37.12:870][398]LogModuleManager: Shutting down and abandoning module SpeedTreeImporter (107)
[2015.11.04-19.37.12:870][398]LogModuleManager: Shutting down and abandoning module PluginBrowser (106)
[2015.11.04-19.37.12:870][398]LogModuleManager: Shutting down and abandoning module EpicSurvey (105)
[2015.11.04-19.37.12:870][398]LogModuleManager: Shutting down and abandoning module DesktopPlatform (104)
[2015.11.04-19.37.12:870][398]LogModuleManager: Shutting down and abandoning module VisualStudioSourceCodeAccess (103)
[2015.11.04-19.37.12:870][398]LogModuleManager: Shutting down and abandoning module UObjectPlugin (102)
[2015.11.04-19.37.12:870][398]LogModuleManager: Shutting down and abandoning module SubversionSourceControl (101)
[2015.11.04-19.37.12:870][398]LogModuleManager: Shutting down and abandoning module PerforceSourceControl (100)
[2015.11.04-19.37.12:870][398]LogModuleManager: Shutting down and abandoning module SourceControl (99)
[2015.11.04-19.37.12:870][398]LogModuleManager: Shutting down and abandoning module GitSourceControl (98)
[2015.11.04-19.37.12:870][398]LogModuleManager: Shutting down and abandoning module LightPropagationVolumeEditor (97)
[2015.11.04-19.37.12:870][398]LogModuleManager: Shutting down and abandoning module PaperTiledImporter (96)
[2015.11.04-19.37.12:870][398]LogModuleManager: Shutting down and abandoning module PaperSpriteSheetImporter (95)
[2015.11.04-19.37.12:870][398]LogModuleManager: Shutting down and abandoning module MeshPaint (94)
[2015.11.04-19.37.12:870][398]LogModuleManager: Shutting down and abandoning module SlateReflector (93)
[2015.11.04-19.37.12:870][398]LogModuleManager: Shutting down and abandoning module HotReload (92)
[2015.11.04-19.37.12:870][398]LogModuleManager: Shutting down and abandoning module MainFrame (91)
[2015.11.04-19.37.12:870][398]LogModuleManager: Shutting down and abandoning module LevelEditor (90)
[2015.11.04-19.37.12:871][398]LogModuleManager: Shutting down and abandoning module DirectoryWatcher (89)
[2015.11.04-19.37.12:872][398]LogModuleManager: Shutting down and abandoning module AssetRegistry (88)
[2015.11.04-19.37.12:963][398]LogModuleManager: Shutting down and abandoning module ContentBrowser (87)
[2015.11.04-19.37.12:964][398]LogModuleManager: Shutting down and abandoning module Paper2DEditor (86)
[2015.11.04-19.37.12:964][398]LogModuleManager: Shutting down and abandoning module UdpMessaging (85)
[2015.11.04-19.37.13:064][398]LogModuleManager: Shutting down and abandoning module LightPropagationVolumeRuntime (84)
[2015.11.04-19.37.13:064][398]LogModuleManager: Shutting down and abandoning module Paper2D (83)
[2015.11.04-19.37.13:064][398]LogModuleManager: Shutting down and abandoning module WindowsMoviePlayer (82)
[2015.11.04-19.37.13:067][398]LogModuleManager: Shutting down and abandoning module Media (81)
[2015.11.04-19.37.13:067][398]LogModuleManager: Shutting down and abandoning module WmfMedia (80)
[2015.11.04-19.37.13:067][398]LogModuleManager: Shutting down and abandoning module OnlineBlueprintSupport (79)
[2015.11.04-19.37.13:067][398]LogModuleManager: Shutting down and abandoning module GameplayTasksEditor (78)
[2015.11.04-19.37.13:067][398]LogModuleManager: Shutting down and abandoning module PropertyEditor (77)
[2015.11.04-19.37.13:067][398]LogModuleManager: Shutting down and abandoning module BehaviorTreeEditor (76)
[2015.11.04-19.37.13:067][398]LogModuleManager: Shutting down and abandoning module FunctionalTesting (75)
[2015.11.04-19.37.13:067][398]LogModuleManager: Shutting down and abandoning module CollisionAnalyzer (74)
[2015.11.04-19.37.13:067][398]LogModuleManager: Shutting down and abandoning module WorkspaceMenuStructure (73)
[2015.11.04-19.37.13:067][398]LogModuleManager: Shutting down and abandoning module MessageLog (72)
[2015.11.04-19.37.13:067][398]LogModuleManager: Shutting down and abandoning module Sequencer (71)
[2015.11.04-19.37.13:068][398]LogModuleManager: Shutting down and abandoning module AssetTools (70)
[2015.11.04-19.37.13:068][398]LogModuleManager: Shutting down and abandoning module UMGEditor (69)
[2015.11.04-19.37.13:068][398]LogModuleManager: Shutting down and abandoning module UMG (68)
[2015.11.04-19.37.13:068][398]LogModuleManager: Shutting down and abandoning module Slate (67)
[2015.11.04-19.37.13:068][398]LogModuleManager: Shutting down and abandoning module EditorStyle (66)
[2015.11.04-19.37.13:070][398]LogModuleManager: Shutting down and abandoning module SessionServices (65)
[2015.11.04-19.37.13:070][398]LogModuleManager: Shutting down and abandoning module SourceCodeAccess (64)
[2015.11.04-19.37.13:070][398]LogModuleManager: Shutting down and abandoning module HeadMountedDisplay (63)
[2015.11.04-19.37.13:070][398]LogModuleManager: Shutting down and abandoning module XAudio2 (62)
[2015.11.04-19.37.13:070][398]LogModuleManager: Shutting down and abandoning module Networking (60)
[2015.11.04-19.37.13:070][398]LogModuleManager: Shutting down and abandoning module Core (59)
[2015.11.04-19.37.13:070][398]LogModuleManager: Shutting down and abandoning module KismetCompiler (58)
[2015.11.04-19.37.13:070][398]LogModuleManager: Shutting down and abandoning module PhysXFormats (57)
[2015.11.04-19.37.13:070][398]LogModuleManager: Shutting down and abandoning module MeshUtilities (56)
[2015.11.04-19.37.13:070][398]LogModuleManager: Shutting down and abandoning module CookingStats (55)
[2015.11.04-19.37.13:071][398]LogModuleManager: Shutting down and abandoning module DerivedDataCache (54)
[2015.11.04-19.37.13:074][398]LogDerivedDataCache: Shutdown
[2015.11.04-19.37.13:074][398]LogModuleManager: Shutting down and abandoning module ShaderFormatOpenGL (53)
[2015.11.04-19.37.13:074][398]LogModuleManager: Shutting down and abandoning module ShaderFormatD3D (52)
[2015.11.04-19.37.13:074][398]LogModuleManager: Shutting down and abandoning module MetalShaderFormat (51)
[2015.11.04-19.37.13:074][398]LogModuleManager: Shutting down and abandoning module TextureFormatUncompressed (50)
[2015.11.04-19.37.13:074][398]LogModuleManager: Shutting down and abandoning module TextureFormatPVR (49)
[2015.11.04-19.37.13:074][398]LogModuleManager: Shutting down and abandoning module TextureFormatIntelISPCTexComp (48)
[2015.11.04-19.37.13:074][398]LogModuleManager: Shutting down and abandoning module TextureFormatDXT (47)
[2015.11.04-19.37.13:074][398]LogModuleManager: Shutting down and abandoning module ImageWrapper (46)
[2015.11.04-19.37.13:074][398]LogModuleManager: Shutting down and abandoning module TextureFormatASTC (45)
[2015.11.04-19.37.13:074][398]LogModuleManager: Shutting down and abandoning module TextureFormatAndroid (44)
[2015.11.04-19.37.13:074][398]LogModuleManager: Shutting down and abandoning module AudioFormatOpus (43)
[2015.11.04-19.37.13:074][398]LogModuleManager: Shutting down and abandoning module AudioFormatOgg (42)
[2015.11.04-19.37.13:074][398]LogModuleManager: Shutting down and abandoning module AudioFormatADPCM (41)
[2015.11.04-19.37.13:074][398]LogModuleManager: Shutting down and abandoning module LinuxTargetPlatform (40)
[2015.11.04-19.37.13:074][398]LogModuleManager: Shutting down and abandoning module LinuxServerTargetPlatform (39)
[2015.11.04-19.37.13:074][398]LogModuleManager: Shutting down and abandoning module LinuxNoEditorTargetPlatform (38)
[2015.11.04-19.37.13:074][398]LogModuleManager: Shutting down and abandoning module Messaging (37)
[2015.11.04-19.37.13:074][398]LogModuleManager: Shutting down and abandoning module IOSTargetPlatform (36)
[2015.11.04-19.37.13:074][398]LogModuleManager: Shutting down and abandoning module HTML5TargetPlatform (35)
[2015.11.04-19.37.13:074][398]LogModuleManager: Shutting down and abandoning module Android_PVRTCTargetPlatform (34)
[2015.11.04-19.37.13:074][398]LogModuleManager: Shutting down and abandoning module Android_ETC2TargetPlatform (33)
[2015.11.04-19.37.13:074][398]LogModuleManager: Shutting down and abandoning module Android_ETC1TargetPlatform (32)
[2015.11.04-19.37.13:074][398]LogModuleManager: Shutting down and abandoning module Android_DXTTargetPlatform (31)
[2015.11.04-19.37.13:074][398]LogModuleManager: Shutting down and abandoning module Android_ATCTargetPlatform (30)
[2015.11.04-19.37.13:074][398]LogModuleManager: Shutting down and abandoning module Android_ASTCTargetPlatform (29)
[2015.11.04-19.37.13:074][398]LogModuleManager: Shutting down and abandoning module AndroidTargetPlatform (28)
[2015.11.04-19.37.13:074][398]LogModuleManager: Shutting down and abandoning module WindowsTargetPlatform (27)
[2015.11.04-19.37.13:074][398]LogModuleManager: Shutting down and abandoning module WindowsServerTargetPlatform (26)
[2015.11.04-19.37.13:074][398]LogModuleManager: Shutting down and abandoning module WindowsNoEditorTargetPlatform (25)
[2015.11.04-19.37.13:074][398]LogModuleManager: Shutting down and abandoning module WindowsClientTargetPlatform (24)
[2015.11.04-19.37.13:074][398]LogModuleManager: Shutting down and abandoning module AllDesktopTargetPlatform (23)
[2015.11.04-19.37.13:074][398]LogModuleManager: Shutting down and abandoning module TargetPlatform (22)
[2015.11.04-19.37.13:074][398]LogModuleManager: Shutting down and abandoning module InputCore (21)
[2015.11.04-19.37.13:074][398]LogModuleManager: Shutting down and abandoning module Settings (20)
[2015.11.04-19.37.13:074][398]LogModuleManager: Shutting down and abandoning module OnlineSubsystem (18)
[2015.11.04-19.37.13:074][398]LogModuleManager: Shutting down and abandoning module HTTP (17)
[2015.11.04-19.37.15:075][398]LogModuleManager: Shutting down and abandoning module XMPP (16)
[2015.11.04-19.37.15:075][398]LogModuleManager: Shutting down and abandoning module ExampleDeviceProfileSelector (15)
[2015.11.04-19.37.15:075][398]LogModuleManager: Shutting down and abandoning module TextureCompressor (14)
[2015.11.04-19.37.15:075][398]LogModuleManager: Shutting down and abandoning module ShaderCore (13)
[2015.11.04-19.37.15:075][398]LogModuleManager: Shutting down and abandoning module Landscape (12)
[2015.11.04-19.37.15:075][398]LogModuleManager: Shutting down and abandoning module SlateRHIRenderer (11)
[2015.11.04-19.37.15:075][398]LogModuleManager: Shutting down and abandoning module OpenGLDrv (10)
[2015.11.04-19.37.15:075][398]LogModuleManager: Shutting down and abandoning module D3D11RHI (9)
[2015.11.04-19.37.15:075][398]LogModuleManager: Shutting down and abandoning module AnimGraphRuntime (8)
[2015.11.04-19.37.15:075][398]LogModuleManager: Shutting down and abandoning module Renderer (7)
[2015.11.04-19.37.15:075][398]LogModuleManager: Shutting down and abandoning module Engine (6)
[2015.11.04-19.37.15:076][398]LogModuleManager: Shutting down and abandoning module CoreUObject (5)
[2015.11.04-19.37.15:076][398]LogModuleManager: Shutting down and abandoning module NetworkFile (4)
[2015.11.04-19.37.15:076][398]LogModuleManager: Shutting down and abandoning module StreamingFile (3)
[2015.11.04-19.37.15:076][398]LogModuleManager: Shutting down and abandoning module SandboxFile (2)
[2015.11.04-19.37.15:076][398]LogModuleManager: Shutting down and abandoning module PakFile (1)
[2015.11.04-19.37.15:076][398]LogExit: Exiting.
[2015.11.04-19.37.15:077][398]Log file closed, 11/04/15 14:37:15
